2023-06-02 01:11:34[ INFO ]>>queryUserList用户列表查询测试成功
2023-06-02 01:12:02[ INFO ]>>qselectUserInfo用户登录测试成功
2023-06-02 01:12:16[ INFO ]>>insert用户插入测试成功
2023-06-02 01:13:16[ INFO ]>>delete用户删除测试成功
2023-06-05 17:24:27[ INFO ]>>insert用户插入测试成功
2023-06-15 19:43:54[ INFO ]>>queryUserList用户列表查询测试成功
2023-06-15 20:16:27[ INFO ]>>insert用户插入测试成功
2023-06-15 20:18:12[ INFO ]>>insert用户插入测试成功
2023-06-16 20:20:44[ INFO ]>>insert用户插入测试成功
2023-06-16 20:20:44[ ERROR ]查询失败
2023-06-16 20:20:44[ INFO ]>>insertProjectTest项目插入测试成功
2023-06-16 20:20:44[ INFO ]>>updateByPrimaryKeySelectiveProjectTest项目更新测试成功
2023-06-16 20:20:44[ INFO ]>>deleteProjectByIdTest项目删除测试成功
2023-06-16 20:20:59[ INFO ]>>insert用户插入测试成功
2023-06-16 20:20:59[ ERROR ]查询失败
2023-06-16 20:20:59[ INFO ]>>insertProjectTest项目插入测试成功
2023-06-16 20:20:59[ INFO ]>>updateByPrimaryKeySelectiveProjectTest项目更新测试成功
2023-06-16 20:20:59[ INFO ]>>deleteProjectByIdTest项目删除测试成功
2023-06-19 11:11:26[ INFO ]>>insert用户插入测试成功
2023-06-19 11:11:26[ ERROR ]查询失败
2023-06-19 11:11:26[ INFO ]>>insertProjectTest项目插入测试成功
2023-06-19 11:11:26[ INFO ]>>updateByPrimaryKeySelectiveProjectTest项目更新测试成功
2023-06-19 11:11:26[ INFO ]>>deleteProjectByIdTest项目删除测试成功
2023-06-19 11:11:36[ INFO ]>>insert用户插入测试成功
2023-06-19 11:11:36[ ERROR ]查询失败
2023-06-19 11:11:36[ INFO ]>>insertProjectTest项目插入测试成功
2023-06-19 11:11:36[ INFO ]>>updateByPrimaryKeySelectiveProjectTest项目更新测试成功
2023-06-19 11:11:36[ INFO ]>>deleteProjectByIdTest项目删除测试成功
